<?xml version="1.0" encoding="UTF-8"?>
<!-- Generated by org.testng.reporters.JUnitReportReporter -->
<testsuite hostname="TRPL-PUN-0268" failures="0" tests="1" name="testCases.All_Client_Portal_TestCases" time="180.236" errors="0" timestamp="2025-05-07T13:26:24 IST" skipped="0">
  <testcase classname="testCases.All_Client_Portal_TestCases" name="PaginationECComplied" time="180.236"/>
  <system-out/>
</testsuite> <!-- testCases.All_Client_Portal_TestCases -->
