<?xml version="1.0" encoding="UTF-8"?>
<!-- Generated by org.testng.reporters.JUnitReportReporter -->
<testsuite hostname="TRPL-PUN-0268" failures="0" tests="1" name="testCases.All_Distributor_TestCase" time="72.771" errors="0" timestamp="2025-06-06T18:24:20 IST" skipped="0">
  <testcase classname="testCases.All_Distributor_TestCase" name="EntityBulkUploadInvalidCheck" time="72.771"/>
  <system-out/>
</testsuite> <!-- testCases.All_Distributor_TestCase -->
