<?xml version="1.0" encoding="UTF-8"?>
<!-- Generated by org.testng.reporters.JUnitReportReporter -->
<testsuite hostname="TRPL-PUN-0268" failures="0" tests="1" name="testCases.PerformerT" time="56.348" errors="0" timestamp="2025-06-05T12:13:47 IST" skipped="0">
  <testcase classname="testCases.PerformerT" name="WorkspaceChallanActs" time="56.348"/>
  <system-out/>
</testsuite> <!-- testCases.PerformerT -->
