<?xml version="1.0" encoding="UTF-8"?>
<!-- Generated by org.testng.reporters.JUnitReportReporter -->
<testsuite hostname="TRPL-PUN-0268" failures="0" tests="1" name="testCases.RCPTestCase" time="42.284" errors="0" timestamp="2025-04-24T16:31:54 IST" skipped="0">
  <testcase classname="testCases.RCPTestCase" name="RCPcolumnExpandIcon" time="42.284"/>
  <system-out/>
</testsuite> <!-- testCases.RCPTestCase -->
