<?xml version="1.0" encoding="UTF-8"?>
<!-- Generated by org.testng.reporters.JUnitReportReporter -->
<testsuite hostname="TRPL-PUN-0268" failures="0" tests="1" name="testCases.ReviewerTest" time="157.807" errors="0" timestamp="2025-05-29T20:31:47 IST" skipped="0">
  <testcase classname="testCases.ReviewerTest" name="UpcomingBox" time="157.807"/>
  <system-out/>
</testsuite> <!-- testCases.ReviewerTest -->
