<?xml version="1.0" encoding="UTF-8"?>
<!-- Generated by org.testng.reporters.JUnitReportReporter -->
<testsuite hostname="TRPL-PUN-0268" failures="0" tests="1" name="testCases.CoordinatorTestCases" time="32.831" errors="0" timestamp="2025-05-05T19:30:52 IST" skipped="0">
  <testcase classname="testCases.CoordinatorTestCases" name="CoordinatorLogo" time="32.831"/>
  <system-out/>
</testsuite> <!-- testCases.CoordinatorTestCases -->
