<?xml version="1.0" encoding="UTF-8"?>
<!-- Generated by org.testng.reporters.JUnitReportReporter -->
<testsuite hostname="TRPL-PUN-0268" failures="0" tests="3" name="testCases.FailedTC2" time="223.760" errors="0" timestamp="2025-05-12T15:51:47 IST" skipped="2">
  <testcase classname="testCases.FailedTC2" name="exportERE" time="120.656"/>
  <system-out/>
  <testcase classname="testCases.FailedTC2" name="exportERE" time="68.821">
    <skipped/>
  </testcase> <!-- exportERE -->
  <system-out/>
  <testcase classname="testCases.FailedTC2" name="exportERE" time="34.283">
    <skipped/>
  </testcase> <!-- exportERE -->
  <system-out/>
</testsuite> <!-- testCases.FailedTC2 -->
