<?xml version="1.0" encoding="UTF-8"?>
<!-- Generated by org.testng.reporters.JUnitReportReporter -->
<testsuite hostname="TRPL-PUN-0268" failures="0" tests="1" name="testCases.All_Performer_TestCases" time="134.457" errors="0" timestamp="2025-06-06T14:56:31 IST" skipped="0">
  <testcase classname="testCases.All_Performer_TestCases" name="WorkspaceProceedBtn" time="134.457"/>
  <system-out/>
</testsuite> <!-- testCases.All_Performer_TestCases -->
