<?xml version="1.0" encoding="UTF-8"?>
<!-- Generated by org.testng.reporters.JUnitReportReporter -->
<testsuite hostname="TRPL-PUN-0268" failures="0" tests="1" name="testCases.SDExecutorTestCase" time="34.354" errors="0" timestamp="2025-03-22T19:50:56 IST" skipped="0">
  <testcase classname="testCases.SDExecutorTestCase" name="SearchBox" time="34.354"/>
  <system-out/>
</testsuite> <!-- testCases.SDExecutorTestCase -->
