<?xml version="1.0" encoding="UTF-8"?>
<!-- Generated by org.testng.reporters.JUnitReportReporter -->
<testsuite hostname="TRPL-PUN-0268" failures="0" tests="1" name="testCases.PerformerTestCase" time="36.588" errors="0" timestamp="2025-05-27T18:02:23 IST" skipped="0">
  <testcase classname="testCases.PerformerTestCase" name="onBoardEntityPremiseViewBtn" time="36.588"/>
  <system-out/>
</testsuite> <!-- testCases.PerformerTestCase -->
