<?xml version="1.0" encoding="UTF-8"?>
<!-- Generated by org.testng.reporters.JUnitReportReporter -->
<testsuite hostname="TRPL-PUN-0268" failures="0" tests="1" name="testCases.CoordinatorTestCases" time="73.219" errors="0" timestamp="2025-05-29T10:27:16 IST" skipped="0">
  <testcase classname="testCases.CoordinatorTestCases" name="SearchBox" time="73.219"/>
  <system-out/>
</testsuite> <!-- testCases.CoordinatorTestCases -->
