<?xml version="1.0" encoding="UTF-8"?>
<!-- Generated by org.testng.reporters.JUnitReportReporter -->
<testsuite hostname="TRPL-PUN-0268" failures="0" tests="1" name="testCases.PerformerT" time="48.125" errors="0" timestamp="2025-05-27T13:39:53 IST" skipped="0">
  <testcase classname="testCases.PerformerT" name="OnBoardEntitySearch" time="48.125"/>
  <system-out/>
</testsuite> <!-- testCases.PerformerT -->
