<?xml version="1.0" encoding="UTF-8"?>
<!-- Generated by org.testng.reporters.JUnitReportReporter -->
<testsuite hostname="TRPL-PUN-0268" failures="0" tests="1" name="testCases.ReviewerTest" time="41.299" errors="0" timestamp="2025-06-02T20:53:11 IST" skipped="0">
  <testcase classname="testCases.ReviewerTest" name="ReturnOverdue" time="41.299"/>
  <system-out/>
</testsuite> <!-- testCases.ReviewerTest -->
